<?xml version="1.0" encoding="UTF-8"?>
<!-- Generated by org.testng.reporters.JUnitReportReporter -->
<testsuite hostname="LAPTOP-T619IKD9" failures="0" tests="2" name="com.test.annotations.TestAnnotations" time="0.005" errors="0" timestamp="2022-03-23T17:18:22 IST" skipped="0">
  <testcase classname="com.test.annotations.TestAnnotations" name="Test2" time="0.001"/>
  <system-out/>
  <testcase classname="com.test.annotations.TestAnnotations" name="Test1" time="0.004"/>
  <system-out/>
</testsuite> <!-- com.test.annotations.TestAnnotations -->
