<?xml version="1.0" encoding="UTF-8"?>
<!-- Generated by org.testng.reporters.JUnitReportReporter -->
<testsuite hostname="LAPTOP-T619IKD9" failures="0" tests="1" name="FirstTest" time="0.006" errors="0" timestamp="2022-03-03T12:28:15 IST" skipped="0">
  <testcase classname="FirstTest" name="f" time="0.006"/>
  <system-out/>
</testsuite> <!-- FirstTest -->
