<?xml version="1.0" encoding="UTF-8"?>
<!-- Generated by org.testng.reporters.JUnitReportReporter -->
<testsuite hostname="LAPTOP-T619IKD9" failures="0" tests="1" name="com.vini.training.TestDemo" time="0.007" errors="0" timestamp="2022-03-03T12:05:48 IST" skipped="0">
  <testcase classname="com.vini.training.TestDemo" name="Test1" time="0.007"/>
  <system-out/>
</testsuite> <!-- com.vini.training.TestDemo -->
